<?xml version="1.0" encoding="UTF-8"?>
<testsuite xmlns:xsi="http://www.w3.org/2001/XMLSchema-instance" xsi:noNamespaceSchemaLocation="https://maven.apache.org/surefire/maven-surefire-plugin/xsd/surefire-test-report.xsd" version="3.0.2" name="TestSuite" time="51.929" tests="10" errors="0" skipped="4" failures="2">
  <properties>
[...]
</properties>
  <testcase name="runScenario[&quot;Login with Empty Credentials Should Display Error Messages&quot;, &quot;Login with Empty Credentials&quot;](1)" classname="com.orangehrm.selenium.cucumber.runner.TestRunner" time="0.0">
    <skipped message="Error message for Username field does not match! expected [Require] but found [Required]"/>
    <system-out><![CDATA[2025-01-16T20:47:04,098 [main] INFO  LogUtil:60 - Deleted directory allure-results

@Login @InvalidLoginCredentials @SanityTest @RegressionTest
Scenario Outline: Login with Invalid Credentials Should Display Error Message   # src/test/resources/features/LoginWithInvalidCredentials.feature:20

@Login @InvalidLoginCredentials @SanityTest @RegressionTest
Scenario Outline: Login with Invalid Credentials Should Display Error Message # src/test/resources/features/LoginWithInvalidCredentials.feature:19

@Login @InvalidLoginCredentials @SanityTest @RegressionTest
Scenario Outline: Login with Invalid Credentials Should Display Error Message # src/test/resources/features/LoginWithInvalidCredentials.feature:21

@Login @LoginResetPassword @SanityTest
Scenario: Reset Password Functionality Should Display Success Message # src/test/resources/features/PasswordResetFunctionality.feature:12

@Login @EmptyLoginCredentials @SanityTest
Scenario: Login with Empty Credentials Should Display Error Messages      # src/test/resources/features/LoginWithEmptyCredentials.feature:12

@Login @ValidLoginCredentials @SmokeTest @SanityTest @EndToEndTest @RegressionTest
Scenario Outline: Login with Valid Credentials Should Navigate to Dashboard   # src/test/resources/features/LoginWithValidCredentials.feature:21
2025-01-16T20:47:04,610 [TestNG-PoolService-2] INFO  LogUtil:60 - Initializing WebDriver: Browser = chrome, Headless = false
2025-01-16T20:47:04,610 [TestNG-PoolService-4] INFO  LogUtil:60 - Initializing WebDriver: Browser = chrome, Headless = false
2025-01-16T20:47:04,611 [TestNG-PoolService-6] INFO  LogUtil:60 - Initializing WebDriver: Browser = chrome, Headless = false
2025-01-16T20:47:04,611 [TestNG-PoolService-3] INFO  LogUtil:60 - Initializing WebDriver: Browser = chrome, Headless = false
2025-01-16T20:47:04,612 [TestNG-PoolService-1] INFO  LogUtil:60 - Initializing WebDriver: Browser = chrome, Headless = false
2025-01-16T20:47:04,612 [TestNG-PoolService-5] INFO  LogUtil:60 - Initializing WebDriver: Browser = chrome, Headless = false
2025-01-16T20:47:06,831 [TestNG-PoolService-3] INFO  LogUtil:60 - Driver Instance : ChromeDriver: chrome on windows (9a1c98a038a0aaeed427fb14ab4e41ac) at WebDriverHooks : setUp
2025-01-16T20:47:06,831 [TestNG-PoolService-1] INFO  LogUtil:60 - Driver Instance : ChromeDriver: chrome on windows (9ec90f49f0380d90e105f6bda6b4c3f4) at WebDriverHooks : setUp
2025-01-16T20:47:06,831 [TestNG-PoolService-5] INFO  LogUtil:60 - Driver Instance : ChromeDriver: chrome on windows (6ac985012b03e9854d297d5cab837df4) at WebDriverHooks : setUp
2025-01-16T20:47:06,848 [TestNG-PoolService-2] INFO  LogUtil:60 - Driver Instance : ChromeDriver: chrome on windows (79a10585f0baf288dfc845601ebd994e) at WebDriverHooks : setUp
2025-01-16T20:47:06,848 [TestNG-PoolService-4] INFO  LogUtil:60 - Driver Instance : ChromeDriver: chrome on windows (294098162ada7e8ccbbc89b76d41a559) at WebDriverHooks : setUp
2025-01-16T20:47:06,863 [TestNG-PoolService-6] INFO  LogUtil:60 - Driver Instance : ChromeDriver: chrome on windows (39de52fd294ea5ab5e4c48c44298eb40) at WebDriverHooks : setUp
2025-01-16T20:47:09,798 [TestNG-PoolService-3] INFO  LogUtil:60 - Navigating to the OrangeHRM login page.
2025-01-16T20:47:09,835 [TestNG-PoolService-4] INFO  LogUtil:60 - Navigating to the OrangeHRM login page.
2025-01-16T20:47:09,851 [TestNG-PoolService-5] INFO  LogUtil:60 - Navigating to the OrangeHRM login page.
2025-01-16T20:47:09,865 [TestNG-PoolService-2] INFO  LogUtil:60 - Navigating to the OrangeHRM login page.
2025-01-16T20:47:10,081 [TestNG-PoolService-1] INFO  LogUtil:60 - Navigating to the OrangeHRM login page.
2025-01-16T20:47:10,268 [TestNG-PoolService-6] INFO  LogUtil:60 - Navigating to the OrangeHRM login page.
2025-01-16T20:47:10,360 [TestNG-PoolService-3] INFO  LogUtil:60 - Login page loaded successfully.
  Given I am on the login page                                                  # com.orangehrm.selenium.cucumber.stepdefs.CommonStepDef.i_am_on_the_login_page()
2025-01-16T20:47:10,367 [TestNG-PoolService-3] INFO  LogUtil:60 - Entering invalid credentials. Username: Admin, Password: admin123
2025-01-16T20:47:10,404 [TestNG-PoolService-4] INFO  LogUtil:60 - Login page loaded successfully.
  Given I am on the login page                                                # com.orangehrm.selenium.cucumber.stepdefs.CommonStepDef.i_am_on_the_login_page()
2025-01-16T20:47:10,411 [TestNG-PoolService-4] INFO  LogUtil:60 - Entering invalid credentials. Username: Adminn, Password: admin
2025-01-16T20:47:10,424 [TestNG-PoolService-5] INFO  LogUtil:60 - Login page loaded successfully.
  Given I am on the login page                                                # com.orangehrm.selenium.cucumber.stepdefs.CommonStepDef.i_am_on_the_login_page()
2025-01-16T20:47:10,429 [TestNG-PoolService-5] INFO  LogUtil:60 - Entering valid credentials. Username: Admin, Password: admin123
2025-01-16T20:47:10,439 [TestNG-PoolService-2] INFO  LogUtil:60 - Login page loaded successfully.
  Given I am on the login page                                                # com.orangehrm.selenium.cucumber.stepdefs.CommonStepDef.i_am_on_the_login_page()
2025-01-16T20:47:10,442 [TestNG-PoolService-2] INFO  LogUtil:60 - Entering invalid credentials. Username: Admin, Password: admin
2025-01-16T20:47:10,477 [TestNG-PoolService-3] INFO  LogUtil:60 - Entered username: Admin
2025-01-16T20:47:10,574 [TestNG-PoolService-4] INFO  LogUtil:60 - Entered username: Adminn
2025-01-16T20:47:10,582 [TestNG-PoolService-5] INFO  LogUtil:60 - Entered username: Admin
2025-01-16T20:47:10,582 [TestNG-PoolService-2] INFO  LogUtil:60 - Entered username: Admin
2025-01-16T20:47:10,637 [TestNG-PoolService-3] INFO  LogUtil:60 - Entered password: admin123
  Given I enter an invalid user name "Admin" and an invalid password "admin123" # com.orangehrm.selenium.cucumber.stepdefs.InvalidLoginStepDef.i_enter_invalid_user_credentials(java.lang.String,java.lang.String)
2025-01-16T20:47:10,641 [TestNG-PoolService-1] INFO  LogUtil:60 - Login page loaded successfully.
  Given I am on the login page                                            # com.orangehrm.selenium.cucumber.stepdefs.CommonStepDef.i_am_on_the_login_page()
2025-01-16T20:47:10,644 [TestNG-PoolService-1] INFO  LogUtil:60 - Leaving the username and password fields empty.
2025-01-16T20:47:10,689 [TestNG-PoolService-2] INFO  LogUtil:60 - Entered password: admin
  Given I enter an invalid user name "Admin" and an invalid password "admin"  # com.orangehrm.selenium.cucumber.stepdefs.InvalidLoginStepDef.i_enter_invalid_user_credentials(java.lang.String,java.lang.String)
2025-01-16T20:47:10,703 [TestNG-PoolService-4] INFO  LogUtil:60 - Entered password: admin
  Given I enter an invalid user name "Adminn" and an invalid password "admin" # com.orangehrm.selenium.cucumber.stepdefs.InvalidLoginStepDef.i_enter_invalid_user_credentials(java.lang.String,java.lang.String)
2025-01-16T20:47:10,724 [TestNG-PoolService-5] INFO  LogUtil:60 - Entered password: admin123
  Given I enter a valid user name "Admin" and a valid password "admin123"     # com.orangehrm.selenium.cucumber.stepdefs.ValidLoginStepDef.i_enter_valid_user_credentials(java.lang.String,java.lang.String)
2025-01-16T20:47:10,731 [TestNG-PoolService-1] INFO  LogUtil:60 - Entered username: 
2025-01-16T20:47:10,762 [TestNG-PoolService-3] INFO  LogUtil:60 - Clicked login button
2025-01-16T20:47:10,762 [TestNG-PoolService-3] INFO  LogUtil:60 - Login button clicked.
  When I click on the login button                                              # com.orangehrm.selenium.cucumber.stepdefs.CommonStepDef.i_click_on_the_login_button()
2025-01-16T20:47:10,764 [TestNG-PoolService-3] INFO  LogUtil:60 - Verifying the error message: Invalid credentials
2025-01-16T20:47:10,794 [TestNG-PoolService-2] INFO  LogUtil:60 - Clicked login button
2025-01-16T20:47:10,795 [TestNG-PoolService-2] INFO  LogUtil:60 - Login button clicked.
  When I click on the login button                                            # com.orangehrm.selenium.cucumber.stepdefs.CommonStepDef.i_click_on_the_login_button()
2025-01-16T20:47:10,797 [TestNG-PoolService-2] INFO  LogUtil:60 - Verifying the error message: Invalid credentials
2025-01-16T20:47:10,802 [TestNG-PoolService-4] INFO  LogUtil:60 - Clicked login button
2025-01-16T20:47:10,802 [TestNG-PoolService-4] INFO  LogUtil:60 - Login button clicked.
  When I click on the login button                                            # com.orangehrm.selenium.cucumber.stepdefs.CommonStepDef.i_click_on_the_login_button()
2025-01-16T20:47:10,806 [TestNG-PoolService-4] INFO  LogUtil:60 - Verifying the error message: Invalid credentials
2025-01-16T20:47:10,812 [TestNG-PoolService-1] INFO  LogUtil:60 - Entered password: 
  Given I leave the username and password fields empty                    # com.orangehrm.selenium.cucumber.stepdefs.EmptyLoginStepDef.i_leave_fields_empty()
2025-01-16T20:47:10,832 [TestNG-PoolService-6] INFO  LogUtil:60 - Login page loaded successfully.
  Given I am on the login page                                        # com.orangehrm.selenium.cucumber.stepdefs.CommonStepDef.i_am_on_the_login_page()
2025-01-16T20:47:10,835 [TestNG-PoolService-6] INFO  LogUtil:60 - Clicking on the link: Forgot your password?
2025-01-16T20:47:10,908 [TestNG-PoolService-1] INFO  LogUtil:60 - Clicked login button
2025-01-16T20:47:10,909 [TestNG-PoolService-1] INFO  LogUtil:60 - Login button clicked.
  When I click on the login button                                        # com.orangehrm.selenium.cucumber.stepdefs.CommonStepDef.i_click_on_the_login_button()
2025-01-16T20:47:10,911 [TestNG-PoolService-1] INFO  LogUtil:60 - Verifying error messages for blank username and password fields.
  Then I should see error messages for blank username and password fields # com.orangehrm.selenium.cucumber.stepdefs.EmptyLoginStepDef.i_should_see_error_messages()
      java.lang.AssertionError: Error message for Username field does not match! expected [Require] but found [Required]
	at org.testng.Assert.fail(Assert.java:111)
	at org.testng.Assert.failNotEquals(Assert.java:1578)
	at org.testng.Assert.assertEqualsImpl(Assert.java:150)
	at org.testng.Assert.assertEquals(Assert.java:132)
	at org.testng.Assert.assertEquals(Assert.java:656)
	at com.orangehrm.selenium.cucumber.stepdefs.EmptyLoginStepDef.i_should_see_error_messages(EmptyLoginStepDef.java:68)
	at âœ½.I should see error messages for blank username and password fields(file:///D:/WorkSpace_Selenium/CucuTestngFramework9/src/test/resources/features/LoginWithEmptyCredentials.feature:15)


    Embedding Login with Empty Credentials Should Display Error Messages [image/png 95233 bytes]

2025-01-16T20:47:11,428 [TestNG-PoolService-1] ERROR LogUtil:66 - Test Failed: Login with Empty Credentials Should Display Error Messages
2025-01-16T20:47:11,429 [TestNG-PoolService-1] INFO  LogUtil:60 - Processing Scenario: Name = file:///D:/WorkSpace_Selenium/CucuTestngFramework9/src/test/resources/features/LoginWithEmptyCredentials, Line = 12
2025-01-16T20:47:11,606 [TestNG-PoolService-1] INFO  LogUtil:60 - Screenshot of Failed Test Scenario file:///D:/WorkSpace_Selenium/CucuTestngFramework9/src/test/resources/features/LoginWithEmptyCredentials is saved.
2025-01-16T20:47:11,682 [TestNG-PoolService-6] INFO  LogUtil:60 - Clicked forgot password link
  When I click on the "Forgot your password?" link                    # com.orangehrm.selenium.cucumber.stepdefs.PasswordResetStepDef.i_click_on_the_link(java.lang.String)
2025-01-16T20:47:11,683 [TestNG-PoolService-6] INFO  LogUtil:60 - Verifying that I am redirected to the Reset Password page.
]]></system-out>
    <system-err><![CDATA[[TestNG-PoolService-1] INFO io.github.bonigarcia.wdm.WebDriverManager - Using chromedriver 131.0.6778.264 (resolved driver for Chrome 131)
[TestNG-PoolService-6] INFO io.github.bonigarcia.wdm.WebDriverManager - Using chromedriver 131.0.6778.264 (resolved driver for Chrome 131)
[TestNG-PoolService-3] INFO io.github.bonigarcia.wdm.WebDriverManager - Using chromedriver 131.0.6778.264 (resolved driver for Chrome 131)
[TestNG-PoolService-5] INFO io.github.bonigarcia.wdm.WebDriverManager - Using chromedriver 131.0.6778.264 (resolved driver for Chrome 131)
[TestNG-PoolService-2] INFO io.github.bonigarcia.wdm.WebDriverManager - Using chromedriver 131.0.6778.264 (resolved driver for Chrome 131)
[TestNG-PoolService-4] INFO io.github.bonigarcia.wdm.WebDriverManager - Using chromedriver 131.0.6778.264 (resolved driver for Chrome 131)
[TestNG-PoolService-3] INFO io.github.bonigarcia.wdm.WebDriverManager - Exporting webdriver.chrome.driver as C:\Users\satis\.cache\selenium\chromedriver\win64\131.0.6778.264\chromedriver.exe
[TestNG-PoolService-2] INFO io.github.bonigarcia.wdm.WebDriverManager - Exporting webdriver.chrome.driver as C:\Users\satis\.cache\selenium\chromedriver\win64\131.0.6778.264\chromedriver.exe
[TestNG-PoolService-4] INFO io.github.bonigarcia.wdm.WebDriverManager - Exporting webdriver.chrome.driver as C:\Users\satis\.cache\selenium\chromedriver\win64\131.0.6778.264\chromedriver.exe
[TestNG-PoolService-6] INFO io.github.bonigarcia.wdm.WebDriverManager - Exporting webdriver.chrome.driver as C:\Users\satis\.cache\selenium\chromedriver\win64\131.0.6778.264\chromedriver.exe
[TestNG-PoolService-5] INFO io.github.bonigarcia.wdm.WebDriverManager - Exporting webdriver.chrome.driver as C:\Users\satis\.cache\selenium\chromedriver\win64\131.0.6778.264\chromedriver.exe
[TestNG-PoolService-1] INFO io.github.bonigarcia.wdm.WebDriverManager - Exporting webdriver.chrome.driver as C:\Users\satis\.cache\selenium\chromedriver\win64\131.0.6778.264\chromedriver.exe
]]></system-err>
  </testcase>
  <testcase name="runScenario[&quot;Login with Invalid Credentials Should Display Error Message&quot;, &quot;Login with Invalid Credentials&quot;](2)" classname="com.orangehrm.selenium.cucumber.runner.TestRunner" time="0.663">
    <system-out><![CDATA[
@Login @EmptyLoginCredentials @SanityTest
Scenario: Login with Empty Credentials Should Display Error Messages      # src/test/resources/features/LoginWithEmptyCredentials.feature:12
2025-01-16T20:47:11,758 [TestNG-PoolService-1] INFO  LogUtil:60 - Initializing WebDriver: Browser = chrome, Headless = false
2025-01-16T20:47:12,153 [TestNG-PoolService-5] INFO  LogUtil:60 - Clicked login button
2025-01-16T20:47:12,154 [TestNG-PoolService-5] INFO  LogUtil:60 - Login button clicked.
  When I click on the login button                                            # com.orangehrm.selenium.cucumber.stepdefs.CommonStepDef.i_click_on_the_login_button()
2025-01-16T20:47:12,156 [TestNG-PoolService-5] INFO  LogUtil:60 - Verifying login success and Dashboard page visibility.
  Then I should be redirected to the Reset Password page              # com.orangehrm.selenium.cucumber.stepdefs.PasswordResetStepDef.i_should_be_redirected_to_the_reset_password_page()
2025-01-16T20:47:12,225 [TestNG-PoolService-6] INFO  LogUtil:60 - Entering a valid username: Admin
  Then I should see an error message "Invalid credentials" on the Login page  # com.orangehrm.selenium.cucumber.stepdefs.InvalidLoginStepDef.i_should_see_error_message(java.lang.String)
2025-01-16T20:47:12,318 [TestNG-PoolService-6] INFO  LogUtil:60 - Entered username: Admin
  And I enter a valid username "Admin"                                # com.orangehrm.selenium.cucumber.stepdefs.PasswordResetStepDef.i_enter_a_valid_username(java.lang.String)
2025-01-16T20:47:12,319 [TestNG-PoolService-6] INFO  LogUtil:60 - Clicking on the Reset Password button.
2025-01-16T20:47:12,407 [TestNG-PoolService-6] INFO  LogUtil:60 - Clicked login button
  When I click on the Reset Password button                           # com.orangehrm.selenium.cucumber.stepdefs.PasswordResetStepDef.i_click_on_the_reset_password_button()
]]></system-out>
    <system-err><![CDATA[[TestNG-PoolService-1] INFO io.github.bonigarcia.wdm.WebDriverManager - Using chromedriver 131.0.6778.264 (resolved driver for Chrome 131)
[TestNG-PoolService-1] INFO io.github.bonigarcia.wdm.WebDriverManager - Exporting webdriver.chrome.driver as C:\Users\satis\.cache\selenium\chromedriver\win64\131.0.6778.264\chromedriver.exe
]]></system-err>
  </testcase>
  <testcase name="runScenario[&quot;Login with Invalid Credentials Should Display Error Message&quot;, &quot;Login with Invalid Credentials&quot;](3)" classname="com.orangehrm.selenium.cucumber.runner.TestRunner" time="0.941">
    <system-out><![CDATA[2025-01-16T20:47:12,412 [TestNG-PoolService-6] INFO  LogUtil:60 - Verifying the success message and URL after clicking the Reset Password button.
2025-01-16T20:47:12,456 [TestNG-PoolService-1] INFO  LogUtil:60 - Driver Instance : ChromeDriver: chrome on windows (ebfa145b68e4a6d15c88156e667e86ea) at WebDriverHooks : setUp
  Then I should see an error message "Invalid credentials" on the Login page  # com.orangehrm.selenium.cucumber.stepdefs.InvalidLoginStepDef.i_should_see_error_message(java.lang.String)
]]></system-out>
  </testcase>
  <testcase name="runScenario[&quot;Reset Password Functionality Should Display Success Message&quot;, &quot;Password Reset Functionality&quot;](4)" classname="com.orangehrm.selenium.cucumber.runner.TestRunner" time="2.209">
    <system-out><![CDATA[  Then I should be logged in successfully and I should see the Dashboard page # com.orangehrm.selenium.cucumber.stepdefs.ValidLoginStepDef.i_should_be_logged_in_successfully()
2025-01-16T20:47:12,711 [TestNG-PoolService-5] INFO  LogUtil:60 - Clicking on the logout button.
  Then I should see a message "Reset Password link sent successfully" # com.orangehrm.selenium.cucumber.stepdefs.PasswordResetStepDef.i_should_see_a_message(java.lang.String)
]]></system-out>
  </testcase>
  <testcase name="runScenario[&quot;Login with Valid Credentials Should Navigate to Dashboard&quot;, &quot;Login with Valid Credentials&quot;](5)" classname="com.orangehrm.selenium.cucumber.runner.TestRunner" time="3.097">
    <system-out><![CDATA[2025-01-16T20:47:14,206 [TestNG-PoolService-5] INFO  LogUtil:60 - Clicked logout link
  When I click on the logout button                                           # com.orangehrm.selenium.cucumber.stepdefs.ValidLoginStepDef.i_click_on_the_logout_button()
2025-01-16T20:47:14,206 [TestNG-PoolService-5] INFO  LogUtil:60 - Verifying successful navigation to the Login page.
  Then I should be successfully navigated to the Login page                   # com.orangehrm.selenium.cucumber.stepdefs.ValidLoginStepDef.i_should_be_navigated_to_the_login_page()
]]></system-out>
  </testcase>
  <testcase name="runScenario[&quot;Login with Empty Credentials Should Display Error Messages&quot;, &quot;Login with Empty Credentials&quot;](6)" classname="com.orangehrm.selenium.cucumber.runner.TestRunner" time="0.0">
    <skipped message="Error message for Username field does not match! expected [Require] but found [Required]"/>
    <system-out><![CDATA[2025-01-16T20:47:15,112 [TestNG-PoolService-1] INFO  LogUtil:60 - Navigating to the OrangeHRM login page.
2025-01-16T20:47:15,657 [TestNG-PoolService-1] INFO  LogUtil:60 - Login page loaded successfully.
  Given I am on the login page                                            # com.orangehrm.selenium.cucumber.stepdefs.CommonStepDef.i_am_on_the_login_page()
2025-01-16T20:47:15,658 [TestNG-PoolService-1] INFO  LogUtil:60 - Leaving the username and password fields empty.
2025-01-16T20:47:15,700 [TestNG-PoolService-1] INFO  LogUtil:60 - Entered username: 
2025-01-16T20:47:15,751 [TestNG-PoolService-1] INFO  LogUtil:60 - Entered password: 
  Given I leave the username and password fields empty                    # com.orangehrm.selenium.cucumber.stepdefs.EmptyLoginStepDef.i_leave_fields_empty()
2025-01-16T20:47:15,814 [TestNG-PoolService-1] INFO  LogUtil:60 - Clicked login button
2025-01-16T20:47:15,814 [TestNG-PoolService-1] INFO  LogUtil:60 - Login button clicked.
  When I click on the login button                                        # com.orangehrm.selenium.cucumber.stepdefs.CommonStepDef.i_click_on_the_login_button()
2025-01-16T20:47:15,816 [TestNG-PoolService-1] INFO  LogUtil:60 - Verifying error messages for blank username and password fields.
  Then I should see error messages for blank username and password fields # com.orangehrm.selenium.cucumber.stepdefs.EmptyLoginStepDef.i_should_see_error_messages()
      java.lang.AssertionError: Error message for Username field does not match! expected [Require] but found [Required]
	at org.testng.Assert.fail(Assert.java:111)
	at org.testng.Assert.failNotEquals(Assert.java:1578)
	at org.testng.Assert.assertEqualsImpl(Assert.java:150)
	at org.testng.Assert.assertEquals(Assert.java:132)
	at org.testng.Assert.assertEquals(Assert.java:656)
	at com.orangehrm.selenium.cucumber.stepdefs.EmptyLoginStepDef.i_should_see_error_messages(EmptyLoginStepDef.java:68)
	at âœ½.I should see error messages for blank username and password fields(file:///D:/WorkSpace_Selenium/CucuTestngFramework9/src/test/resources/features/LoginWithEmptyCredentials.feature:15)


    Embedding Login with Empty Credentials Should Display Error Messages [image/png 93838 bytes]

2025-01-16T20:47:16,258 [TestNG-PoolService-1] ERROR LogUtil:66 - Test Failed: Login with Empty Credentials Should Display Error Messages
2025-01-16T20:47:16,259 [TestNG-PoolService-1] INFO  LogUtil:60 - Processing Scenario: Name = file:///D:/WorkSpace_Selenium/CucuTestngFramework9/src/test/resources/features/LoginWithEmptyCredentials, Line = 12
2025-01-16T20:47:16,259 [TestNG-PoolService-1] INFO  LogUtil:60 - Duplicate Screenshot: file:///D:/WorkSpace_Selenium/CucuTestngFramework9/src/test/resources/features/LoginWithEmptyCredentials at line 12
]]></system-out>
  </testcase>
  <testcase name="runScenario[&quot;Login with Empty Credentials Should Display Error Messages&quot;, &quot;Login with Empty Credentials&quot;](7)" classname="com.orangehrm.selenium.cucumber.runner.TestRunner" time="4.841">
    <failure message="Error message for Username field does not match! expected [Require] but found [Required]" type="java.lang.AssertionError"><![CDATA[java.lang.AssertionError: Error message for Username field does not match! expected [Require] but found [Required]
	at org.testng.Assert.fail(Assert.java:111)
	at org.testng.Assert.failNotEquals(Assert.java:1578)
	at org.testng.Assert.assertEqualsImpl(Assert.java:150)
	at org.testng.Assert.assertEquals(Assert.java:132)
	at org.testng.Assert.assertEquals(Assert.java:656)
	at com.orangehrm.selenium.cucumber.stepdefs.EmptyLoginStepDef.i_should_see_error_messages(EmptyLoginStepDef.java:68)
	at ✽.I should see error messages for blank username and password fields(file:///D:/WorkSpace_Selenium/CucuTestngFramework9/src/test/resources/features/LoginWithEmptyCredentials.feature:15)
]]></failure>
    <system-out><![CDATA[
@Login @EmptyLoginCredentials @SanityTest
Scenario: Login with Empty Credentials Should Display Error Messages      # src/test/resources/features/LoginWithEmptyCredentials.feature:12
2025-01-16T20:47:16,362 [TestNG-PoolService-1] INFO  LogUtil:60 - Initializing WebDriver: Browser = chrome, Headless = false
2025-01-16T20:47:17,034 [TestNG-PoolService-1] INFO  LogUtil:60 - Driver Instance : ChromeDriver: chrome on windows (cd2b6eb39b6bd89edeed3874f864fe36) at WebDriverHooks : setUp
2025-01-16T20:47:19,967 [TestNG-PoolService-1] INFO  LogUtil:60 - Navigating to the OrangeHRM login page.
2025-01-16T20:47:20,513 [TestNG-PoolService-1] INFO  LogUtil:60 - Login page loaded successfully.
  Given I am on the login page                                            # com.orangehrm.selenium.cucumber.stepdefs.CommonStepDef.i_am_on_the_login_page()
2025-01-16T20:47:20,514 [TestNG-PoolService-1] INFO  LogUtil:60 - Leaving the username and password fields empty.
2025-01-16T20:47:20,554 [TestNG-PoolService-1] INFO  LogUtil:60 - Entered username: 
2025-01-16T20:47:20,605 [TestNG-PoolService-1] INFO  LogUtil:60 - Entered password: 
  Given I leave the username and password fields empty                    # com.orangehrm.selenium.cucumber.stepdefs.EmptyLoginStepDef.i_leave_fields_empty()
2025-01-16T20:47:20,664 [TestNG-PoolService-1] INFO  LogUtil:60 - Clicked login button
2025-01-16T20:47:20,664 [TestNG-PoolService-1] INFO  LogUtil:60 - Login button clicked.
  When I click on the login button                                        # com.orangehrm.selenium.cucumber.stepdefs.CommonStepDef.i_click_on_the_login_button()
2025-01-16T20:47:20,665 [TestNG-PoolService-1] INFO  LogUtil:60 - Verifying error messages for blank username and password fields.
  Then I should see error messages for blank username and password fields # com.orangehrm.selenium.cucumber.stepdefs.EmptyLoginStepDef.i_should_see_error_messages()
      java.lang.AssertionError: Error message for Username field does not match! expected [Require] but found [Required]
	at org.testng.Assert.fail(Assert.java:111)
	at org.testng.Assert.failNotEquals(Assert.java:1578)
	at org.testng.Assert.assertEqualsImpl(Assert.java:150)
	at org.testng.Assert.assertEquals(Assert.java:132)
	at org.testng.Assert.assertEquals(Assert.java:656)
	at com.orangehrm.selenium.cucumber.stepdefs.EmptyLoginStepDef.i_should_see_error_messages(EmptyLoginStepDef.java:68)
	at âœ½.I should see error messages for blank username and password fields(file:///D:/WorkSpace_Selenium/CucuTestngFramework9/src/test/resources/features/LoginWithEmptyCredentials.feature:15)

  Then I should see an error message "Invalid credentials" on the Login page    # com.orangehrm.selenium.cucumber.stepdefs.InvalidLoginStepDef.i_should_see_error_message(java.lang.String)
      java.lang.AssertionError: Error message not displayed as expected! expected [Invalid credentials] but found []
	at org.testng.Assert.fail(Assert.java:111)
	at org.testng.Assert.failNotEquals(Assert.java:1578)
	at org.testng.Assert.assertEqualsImpl(Assert.java:150)
	at org.testng.Assert.assertEquals(Assert.java:132)
	at org.testng.Assert.assertEquals(Assert.java:656)
	at com.orangehrm.selenium.cucumber.stepdefs.InvalidLoginStepDef.i_should_see_error_message(InvalidLoginStepDef.java:65)
	at âœ½.I should see an error message "Invalid credentials" on the Login page(file:///D:/WorkSpace_Selenium/CucuTestngFramework9/src/test/resources/features/LoginWithInvalidCredentials.feature:15)


    Embedding Login with Empty Credentials Should Display Error Messages [image/png 80433 bytes]

2025-01-16T20:47:21,105 [TestNG-PoolService-1] ERROR LogUtil:66 - Test Failed: Login with Empty Credentials Should Display Error Messages
2025-01-16T20:47:21,105 [TestNG-PoolService-1] INFO  LogUtil:60 - Processing Scenario: Name = file:///D:/WorkSpace_Selenium/CucuTestngFramework9/src/test/resources/features/LoginWithEmptyCredentials, Line = 12
2025-01-16T20:47:21,105 [TestNG-PoolService-1] INFO  LogUtil:60 - Duplicate Screenshot: file:///D:/WorkSpace_Selenium/CucuTestngFramework9/src/test/resources/features/LoginWithEmptyCredentials at line 12
]]></system-out>
    <system-err><![CDATA[[TestNG-PoolService-1] INFO io.github.bonigarcia.wdm.WebDriverManager - Using chromedriver 131.0.6778.264 (resolved driver for Chrome 131)
[TestNG-PoolService-1] INFO io.github.bonigarcia.wdm.WebDriverManager - Exporting webdriver.chrome.driver as C:\Users\satis\.cache\selenium\chromedriver\win64\131.0.6778.264\chromedriver.exe
]]></system-err>
  </testcase>
  <testcase name="runScenario[&quot;Login with Invalid Credentials Should Display Error Message&quot;, &quot;Login with Invalid Credentials&quot;](8)" classname="com.orangehrm.selenium.cucumber.runner.TestRunner" time="0.0">
    <skipped message="Error message not displayed as expected! expected [Invalid credentials] but found []"/>
    <system-out><![CDATA[
    Embedding Login with Invalid Credentials Should Display Error Message [image/png 259266 bytes]

2025-01-16T20:47:21,230 [TestNG-PoolService-3] ERROR LogUtil:66 - Test Failed: Login with Invalid Credentials Should Display Error Message
2025-01-16T20:47:21,230 [TestNG-PoolService-3] INFO  LogUtil:60 - Processing Scenario: Name = file:///D:/WorkSpace_Selenium/CucuTestngFramework9/src/test/resources/features/LoginWithInvalidCredentials, Line = 20
2025-01-16T20:47:21,437 [TestNG-PoolService-3] INFO  LogUtil:60 - Screenshot of Failed Test Scenario file:///D:/WorkSpace_Selenium/CucuTestngFramework9/src/test/resources/features/LoginWithInvalidCredentials is saved.
]]></system-out>
  </testcase>
  <testcase name="runScenario[&quot;Login with Invalid Credentials Should Display Error Message&quot;, &quot;Login with Invalid Credentials&quot;](9)" classname="com.orangehrm.selenium.cucumber.runner.TestRunner" time="0.0">
    <skipped message="Error message not displayed as expected! expected [Invalid credentials] but found []"/>
    <system-out><![CDATA[
@Login @InvalidLoginCredentials @SanityTest @RegressionTest
Scenario Outline: Login with Invalid Credentials Should Display Error Message   # src/test/resources/features/LoginWithInvalidCredentials.feature:20
2025-01-16T20:47:21,565 [TestNG-PoolService-3] INFO  LogUtil:60 - Initializing WebDriver: Browser = chrome, Headless = false
2025-01-16T20:47:22,203 [TestNG-PoolService-3] INFO  LogUtil:60 - Driver Instance : ChromeDriver: chrome on windows (36272097379d4d835dfae9ad94f6c263) at WebDriverHooks : setUp
2025-01-16T20:47:25,144 [TestNG-PoolService-3] INFO  LogUtil:60 - Navigating to the OrangeHRM login page.
2025-01-16T20:47:25,678 [TestNG-PoolService-3] INFO  LogUtil:60 - Login page loaded successfully.
  Given I am on the login page                                                  # com.orangehrm.selenium.cucumber.stepdefs.CommonStepDef.i_am_on_the_login_page()
2025-01-16T20:47:25,679 [TestNG-PoolService-3] INFO  LogUtil:60 - Entering invalid credentials. Username: Admin, Password: admin123
2025-01-16T20:47:25,728 [TestNG-PoolService-3] INFO  LogUtil:60 - Entered username: Admin
2025-01-16T20:47:25,789 [TestNG-PoolService-3] INFO  LogUtil:60 - Entered password: admin123
  Given I enter an invalid user name "Admin" and an invalid password "admin123" # com.orangehrm.selenium.cucumber.stepdefs.InvalidLoginStepDef.i_enter_invalid_user_credentials(java.lang.String,java.lang.String)
2025-01-16T20:47:25,845 [TestNG-PoolService-3] INFO  LogUtil:60 - Clicked login button
2025-01-16T20:47:25,845 [TestNG-PoolService-3] INFO  LogUtil:60 - Login button clicked.
  When I click on the login button                                              # com.orangehrm.selenium.cucumber.stepdefs.CommonStepDef.i_click_on_the_login_button()
2025-01-16T20:47:25,846 [TestNG-PoolService-3] INFO  LogUtil:60 - Verifying the error message: Invalid credentials
  Then I should see an error message "Invalid credentials" on the Login page    # com.orangehrm.selenium.cucumber.stepdefs.InvalidLoginStepDef.i_should_see_error_message(java.lang.String)
      java.lang.AssertionError: Error message not displayed as expected! expected [Invalid credentials] but found []
	at org.testng.Assert.fail(Assert.java:111)
	at org.testng.Assert.failNotEquals(Assert.java:1578)
	at org.testng.Assert.assertEqualsImpl(Assert.java:150)
	at org.testng.Assert.assertEquals(Assert.java:132)
	at org.testng.Assert.assertEquals(Assert.java:656)
	at com.orangehrm.selenium.cucumber.stepdefs.InvalidLoginStepDef.i_should_see_error_message(InvalidLoginStepDef.java:65)
	at âœ½.I should see an error message "Invalid credentials" on the Login page(file:///D:/WorkSpace_Selenium/CucuTestngFramework9/src/test/resources/features/LoginWithInvalidCredentials.feature:15)


    Embedding Login with Invalid Credentials Should Display Error Message [image/png 259263 bytes]

2025-01-16T20:47:36,292 [TestNG-PoolService-3] ERROR LogUtil:66 - Test Failed: Login with Invalid Credentials Should Display Error Message
2025-01-16T20:47:36,292 [TestNG-PoolService-3] INFO  LogUtil:60 - Processing Scenario: Name = file:///D:/WorkSpace_Selenium/CucuTestngFramework9/src/test/resources/features/LoginWithInvalidCredentials, Line = 20
2025-01-16T20:47:36,292 [TestNG-PoolService-3] INFO  LogUtil:60 - Duplicate Screenshot: file:///D:/WorkSpace_Selenium/CucuTestngFramework9/src/test/resources/features/LoginWithInvalidCredentials at line 20
]]></system-out>
    <system-err><![CDATA[[TestNG-PoolService-3] INFO io.github.bonigarcia.wdm.WebDriverManager - Using chromedriver 131.0.6778.264 (resolved driver for Chrome 131)
[TestNG-PoolService-3] INFO io.github.bonigarcia.wdm.WebDriverManager - Exporting webdriver.chrome.driver as C:\Users\satis\.cache\selenium\chromedriver\win64\131.0.6778.264\chromedriver.exe
]]></system-err>
  </testcase>
  <testcase name="runScenario[&quot;Login with Invalid Credentials Should Display Error Message&quot;, &quot;Login with Invalid Credentials&quot;](10)" classname="com.orangehrm.selenium.cucumber.runner.TestRunner" time="16.465">
    <failure message="Error message not displayed as expected! expected [Invalid credentials] but found []" type="java.lang.AssertionError"><![CDATA[java.lang.AssertionError: Error message not displayed as expected! expected [Invalid credentials] but found []
	at org.testng.Assert.fail(Assert.java:111)
	at org.testng.Assert.failNotEquals(Assert.java:1578)
	at org.testng.Assert.assertEqualsImpl(Assert.java:150)
	at org.testng.Assert.assertEquals(Assert.java:132)
	at org.testng.Assert.assertEquals(Assert.java:656)
	at com.orangehrm.selenium.cucumber.stepdefs.InvalidLoginStepDef.i_should_see_error_message(InvalidLoginStepDef.java:65)
	at ✽.I should see an error message "Invalid credentials" on the Login page(file:///D:/WorkSpace_Selenium/CucuTestngFramework9/src/test/resources/features/LoginWithInvalidCredentials.feature:15)
]]></failure>
    <system-out><![CDATA[
@Login @InvalidLoginCredentials @SanityTest @RegressionTest
Scenario Outline: Login with Invalid Credentials Should Display Error Message   # src/test/resources/features/LoginWithInvalidCredentials.feature:20
2025-01-16T20:47:36,433 [TestNG-PoolService-3] INFO  LogUtil:60 - Initializing WebDriver: Browser = chrome, Headless = false
2025-01-16T20:47:37,090 [TestNG-PoolService-3] INFO  LogUtil:60 - Driver Instance : ChromeDriver: chrome on windows (128f4ad80f69e683e3a2153ef7f20f75) at WebDriverHooks : setUp
2025-01-16T20:47:40,013 [TestNG-PoolService-3] INFO  LogUtil:60 - Navigating to the OrangeHRM login page.
2025-01-16T20:47:40,551 [TestNG-PoolService-3] INFO  LogUtil:60 - Login page loaded successfully.
  Given I am on the login page                                                  # com.orangehrm.selenium.cucumber.stepdefs.CommonStepDef.i_am_on_the_login_page()
2025-01-16T20:47:40,553 [TestNG-PoolService-3] INFO  LogUtil:60 - Entering invalid credentials. Username: Admin, Password: admin123
2025-01-16T20:47:40,604 [TestNG-PoolService-3] INFO  LogUtil:60 - Entered username: Admin
2025-01-16T20:47:40,661 [TestNG-PoolService-3] INFO  LogUtil:60 - Entered password: admin123
  Given I enter an invalid user name "Admin" and an invalid password "admin123" # com.orangehrm.selenium.cucumber.stepdefs.InvalidLoginStepDef.i_enter_invalid_user_credentials(java.lang.String,java.lang.String)
2025-01-16T20:47:42,012 [TestNG-PoolService-3] INFO  LogUtil:60 - Clicked login button
2025-01-16T20:47:42,012 [TestNG-PoolService-3] INFO  LogUtil:60 - Login button clicked.
  When I click on the login button                                              # com.orangehrm.selenium.cucumber.stepdefs.CommonStepDef.i_click_on_the_login_button()
2025-01-16T20:47:42,014 [TestNG-PoolService-3] INFO  LogUtil:60 - Verifying the error message: Invalid credentials
  Then I should see an error message "Invalid credentials" on the Login page    # com.orangehrm.selenium.cucumber.stepdefs.InvalidLoginStepDef.i_should_see_error_message(java.lang.String)
      java.lang.AssertionError: Error message not displayed as expected! expected [Invalid credentials] but found []
	at org.testng.Assert.fail(Assert.java:111)
	at org.testng.Assert.failNotEquals(Assert.java:1578)
	at org.testng.Assert.assertEqualsImpl(Assert.java:150)
	at org.testng.Assert.assertEquals(Assert.java:132)
	at org.testng.Assert.assertEquals(Assert.java:656)
	at com.orangehrm.selenium.cucumber.stepdefs.InvalidLoginStepDef.i_should_see_error_message(InvalidLoginStepDef.java:65)
	at âœ½.I should see an error message "Invalid credentials" on the Login page(file:///D:/WorkSpace_Selenium/CucuTestngFramework9/src/test/resources/features/LoginWithInvalidCredentials.feature:15)


    Embedding Login with Invalid Credentials Should Display Error Message [image/png 259330 bytes]

2025-01-16T20:47:52,744 [TestNG-PoolService-3] ERROR LogUtil:66 - Test Failed: Login with Invalid Credentials Should Display Error Message
2025-01-16T20:47:52,744 [TestNG-PoolService-3] INFO  LogUtil:60 - Processing Scenario: Name = file:///D:/WorkSpace_Selenium/CucuTestngFramework9/src/test/resources/features/LoginWithInvalidCredentials, Line = 20
2025-01-16T20:47:52,744 [TestNG-PoolService-3] INFO  LogUtil:60 - Duplicate Screenshot: file:///D:/WorkSpace_Selenium/CucuTestngFramework9/src/test/resources/features/LoginWithInvalidCredentials at line 20
]]></system-out>
    <system-err><![CDATA[[TestNG-PoolService-3] INFO io.github.bonigarcia.wdm.WebDriverManager - Using chromedriver 131.0.6778.264 (resolved driver for Chrome 131)
[TestNG-PoolService-3] INFO io.github.bonigarcia.wdm.WebDriverManager - Exporting webdriver.chrome.driver as C:\Users\satis\.cache\selenium\chromedriver\win64\131.0.6778.264\chromedriver.exe
]]></system-err>
  </testcase>
</testsuite>